This file contains any messages produced by compilers while
running configure, to aid debugging if configure makes a mistake.

It was created by libmpq configure 0.4.2, which was
generated by GNU Autoconf 2.61.  Invocation command line was

  $ ./configure 

## --------- ##
## Platform. ##
## --------- ##

hostname = Joonas-Trussmanns-MacBook.local
uname -m = i386
uname -r = 10.5.0
uname -s = Darwin
uname -v = Darwin Kernel Version 10.5.0: Fri Nov  5 23:20:39 PDT 2010; root:xnu-1504.9.17~1/RELEASE_I386

/usr/bin/uname -p = i386
/bin/uname -X     = unknown

/bin/arch              = unknown
/usr/bin/arch -k       = unknown
/usr/convex/getsysinfo = unknown
/usr/bin/hostinfo      = Mach kernel version:
	 Darwin Kernel Version 10.5.0: Fri Nov  5 23:20:39 PDT 2010; root:xnu-1504.9.17~1/RELEASE_I386
Kernel configured for up to 2 processors.
2 processors are physically available.
2 processors are logically available.
Processor type: i486 (Intel 80486)
Processors active: 0 1
Primary memory available: 2.00 gigabytes
Default processor set: 89 tasks, 378 threads, 2 processors
Load average: 2.77, Mach factor: 0.34
/bin/machine           = unknown
/usr/bin/oslevel       = unknown
/bin/universe          = unknown

PATH: /usr/bin
PATH: /bin
PATH: /usr/sbin
PATH: /sbin
PATH: /usr/local/bin
PATH: /usr/local/git/bin
PATH: /usr/X11/bin
PATH: /opt/local/bin


## ----------- ##
## Core tests. ##
## ----------- ##

configure:1962: checking build system type
configure:1980: result: i386-apple-darwin10.5.0
configure:2002: checking host system type
configure:2017: result: i386-apple-darwin10.5.0
configure:2039: checking target system type
configure:2054: result: i386-apple-darwin10.5.0
configure:2099: checking for a BSD-compatible install
configure:2155: result: /usr/bin/install -c
configure:2166: checking whether build environment is sane
configure:2209: result: yes
configure:2237: checking for a thread-safe mkdir -p
configure:2276: result: ./install-sh -c -d
configure:2289: checking for gawk
configure:2319: result: no
configure:2289: checking for mawk
configure:2319: result: no
configure:2289: checking for nawk
configure:2319: result: no
configure:2289: checking for awk
configure:2305: found /usr/bin/awk
configure:2316: result: awk
configure:2327: checking whether make sets $(MAKE)
configure:2348: result: yes
configure:2617: checking for gcc
configure:2633: found /usr/bin/gcc
configure:2644: result: gcc
configure:2882: checking for C compiler version
configure:2889: gcc --version >&5
i686-apple-darwin10-gcc-4.2.1 (GCC) 4.2.1 (Apple Inc. build 5664)
Copyright (C) 2007 Free Software Foundation, Inc.
This is free software; see the source for copying conditions.  There is NO
warranty; not even for MERCHANTABILITY or FITNESS FOR A PARTICULAR PURPOSE.

configure:2892: $? = 0
configure:2899: gcc -v >&5
Using built-in specs.
Target: i686-apple-darwin10
Configured with: /var/tmp/gcc/gcc-5664~50/src/configure --disable-checking --enable-werror --prefix=/usr --mandir=/share/man --enable-languages=c,objc,c++,obj-c++ --program-transform-name=/^[cg][^.-]*$/s/$/-4.2/ --with-slibdir=/usr/lib --build=i686-apple-darwin10 --program-prefix=i686-apple-darwin10- --host=x86_64-apple-darwin10 --target=i686-apple-darwin10 --with-gxx-include-dir=/include/c++/4.2.1
Thread model: posix
gcc version 4.2.1 (Apple Inc. build 5664)
configure:2902: $? = 0
configure:2909: gcc -V >&5
gcc-4.2: argument to `-V' is missing
configure:2912: $? = 1
configure:2935: checking for C compiler default output file name
configure:2962: gcc -m32 -m32  conftest.c  >&5
configure:2965: $? = 0
configure:3003: result: a.out
configure:3020: checking whether the C compiler works
configure:3030: ./a.out
configure:3033: $? = 0
configure:3050: result: yes
configure:3057: checking whether we are cross compiling
configure:3059: result: no
configure:3062: checking for suffix of executables
configure:3069: gcc -o conftest -m32 -m32  conftest.c  >&5
configure:3072: $? = 0
configure:3096: result: 
configure:3102: checking for suffix of object files
configure:3128: gcc -c -m32 -m32 conftest.c >&5
configure:3131: $? = 0
configure:3154: result: o
configure:3158: checking whether we are using the GNU C compiler
configure:3187: gcc -c -m32 -m32 conftest.c >&5
configure:3193: $? = 0
configure:3210: result: yes
configure:3215: checking whether gcc accepts -g
configure:3245: gcc -c -g -m32 conftest.c >&5
configure:3251: $? = 0
configure:3350: result: yes
configure:3367: checking for gcc option to accept ISO C89
configure:3441: gcc  -c -m32 -m32 conftest.c >&5
configure:3447: $? = 0
configure:3470: result: none needed
configure:3488: checking for a sed that does not truncate output
configure:3567: result: /usr/bin/sed
configure:3585: checking for grep that handles long lines and -e
configure:3659: result: /usr/bin/grep
configure:3664: checking for egrep
configure:3742: result: /usr/bin/grep -E
configure:3747: checking for fgrep
configure:3825: result: /usr/bin/grep -F
configure:3860: checking for ld used by gcc
configure:3927: result: /usr/libexec/gcc/i686-apple-darwin10/4.2.1/ld
configure:3936: checking if the linker (/usr/libexec/gcc/i686-apple-darwin10/4.2.1/ld) is GNU ld
configure:3951: result: no
configure:3963: checking for BSD- or MS-compatible name lister (nm)
configure:4012: result: /usr/bin/nm
configure:4134: checking the name lister (/usr/bin/nm) interface
configure:4141: gcc -c -m32 -m32 conftest.c >&5
configure:4144: /usr/bin/nm "conftest.o"
configure:4147: output
00000000 D _some_variable
configure:4154: result: BSD nm
configure:4157: checking whether ln -s works
configure:4161: result: yes
configure:4169: checking the maximum length of command line arguments
configure:4289: result: 196608
configure:4306: checking whether the shell understands some XSI constructs
configure:4316: result: yes
configure:4320: checking whether the shell understands "+="
configure:4326: result: yes
configure:4361: checking for /usr/libexec/gcc/i686-apple-darwin10/4.2.1/ld option to reload object files
configure:4368: result: -r
configure:4395: checking how to recognize dependent libraries
configure:4585: result: pass_all
configure:4645: checking for ar
configure:4661: found /usr/bin/ar
configure:4672: result: ar
configure:4754: checking for strip
configure:4770: found /usr/bin/strip
configure:4781: result: strip
configure:4857: checking for ranlib
configure:4873: found /usr/bin/ranlib
configure:4884: result: ranlib
configure:4978: checking command to parse /usr/bin/nm output from gcc object
configure:5096: gcc -c -m32 -m32 conftest.c >&5
configure:5099: $? = 0
configure:5103: /usr/bin/nm conftest.o \| sed -n -e 's/^.*[	 ]\([BCDEGRST][BCDEGRST]*\)[	 ][	 ]*\([_A-Za-z][_A-Za-z0-9]*\)$/\1 \2 \2/p' \> conftest.nm
configure:5106: $? = 0
cannot find nm_test_var in conftest.nm
configure:5096: gcc -c -m32 -m32 conftest.c >&5
configure:5099: $? = 0
configure:5103: /usr/bin/nm conftest.o \| sed -n -e 's/^.*[	 ]\([BCDEGRST][BCDEGRST]*\)[	 ][	 ]*_\([_A-Za-z][_A-Za-z0-9]*\)$/\1 _\2 \2/p' \> conftest.nm
configure:5106: $? = 0
configure:5160: gcc -o conftest -m32 -m32  conftest.c conftstm.o >&5
configure:5163: $? = 0
configure:5201: result: ok
configure:5491: checking for dsymutil
configure:5507: found /usr/bin/dsymutil
configure:5518: result: dsymutil
configure:5587: checking for nmedit
configure:5603: found /usr/bin/nmedit
configure:5614: result: nmedit
configure:5683: checking for lipo
configure:5699: found /usr/bin/lipo
configure:5710: result: lipo
configure:5779: checking for otool
configure:5795: found /usr/bin/otool
configure:5806: result: otool
configure:5875: checking for otool64
configure:5905: result: no
configure:5954: checking for -single_module linker flag
gcc -m32  -o libconftest.dylib -dynamiclib -Wl,-single_module conftest.c
configure:5981: result: yes
configure:5983: checking for -exported_symbols_list linker flag
configure:6013: gcc -o conftest -m32 -m32  -Wl,-exported_symbols_list,conftest.sym conftest.c  >&5
configure:6019: $? = 0
configure:6038: result: yes
configure:6080: checking how to run the C preprocessor
configure:6120: gcc -E -m32 conftest.c
configure:6126: $? = 0
configure:6157: gcc -E -m32 conftest.c
conftest.c:10:28: error: ac_nonexistent.h: No such file or directory
configure:6163: $? = 1
configure: failed program was:
| /* confdefs.h.  */
| #define PACKAGE_NAME "libmpq"
| #define PACKAGE_TARNAME "libmpq"
| #define PACKAGE_VERSION "0.4.2"
| #define PACKAGE_STRING "libmpq 0.4.2"
| #define PACKAGE_BUGREPORT "mbroemme@plusserver.de"
| #define PACKAGE "libmpq"
| #define VERSION "0.4.2"
| /* end confdefs.h.  */
| #include <ac_nonexistent.h>
configure:6196: result: gcc -E
configure:6225: gcc -E -m32 conftest.c
configure:6231: $? = 0
configure:6262: gcc -E -m32 conftest.c
conftest.c:10:28: error: ac_nonexistent.h: No such file or directory
configure:6268: $? = 1
configure: failed program was:
| /* confdefs.h.  */
| #define PACKAGE_NAME "libmpq"
| #define PACKAGE_TARNAME "libmpq"
| #define PACKAGE_VERSION "0.4.2"
| #define PACKAGE_STRING "libmpq 0.4.2"
| #define PACKAGE_BUGREPORT "mbroemme@plusserver.de"
| #define PACKAGE "libmpq"
| #define VERSION "0.4.2"
| /* end confdefs.h.  */
| #include <ac_nonexistent.h>
configure:6306: checking for ANSI C header files
configure:6336: gcc -c -m32 -m32 conftest.c >&5
configure:6342: $? = 0
configure:6441: gcc -o conftest -m32 -m32  conftest.c  >&5
configure:6444: $? = 0
configure:6450: ./conftest
configure:6453: $? = 0
configure:6470: result: yes
configure:6494: checking for sys/types.h
configure:6515: gcc -c -m32 -m32 conftest.c >&5
configure:6521: $? = 0
configure:6537: result: yes
configure:6494: checking for sys/stat.h
configure:6515: gcc -c -m32 -m32 conftest.c >&5
configure:6521: $? = 0
configure:6537: result: yes
configure:6494: checking for stdlib.h
configure:6515: gcc -c -m32 -m32 conftest.c >&5
configure:6521: $? = 0
configure:6537: result: yes
configure:6494: checking for string.h
configure:6515: gcc -c -m32 -m32 conftest.c >&5
configure:6521: $? = 0
configure:6537: result: yes
configure:6494: checking for memory.h
configure:6515: gcc -c -m32 -m32 conftest.c >&5
configure:6521: $? = 0
configure:6537: result: yes
configure:6494: checking for strings.h
configure:6515: gcc -c -m32 -m32 conftest.c >&5
configure:6521: $? = 0
configure:6537: result: yes
configure:6494: checking for inttypes.h
configure:6515: gcc -c -m32 -m32 conftest.c >&5
configure:6521: $? = 0
configure:6537: result: yes
configure:6494: checking for stdint.h
configure:6515: gcc -c -m32 -m32 conftest.c >&5
configure:6521: $? = 0
configure:6537: result: yes
configure:6494: checking for unistd.h
configure:6515: gcc -c -m32 -m32 conftest.c >&5
configure:6521: $? = 0
configure:6537: result: yes
configure:6553: checking for dlfcn.h
configure:6574: gcc -c -m32 -m32 conftest.c >&5
configure:6580: $? = 0
configure:6596: result: yes
configure:6780: checking for objdir
configure:6795: result: .libs
configure:7087: checking if gcc supports -fno-rtti -fno-exceptions
configure:7105: gcc -c -m32 -m32 -fno-rtti -fno-exceptions conftest.c >&5
cc1: warning: command line option "-fno-rtti" is valid for C++/ObjC++ but not for C
configure:7109: $? = 0
configure:7122: result: no
configure:7142: checking for gcc option to produce PIC
configure:7399: result: -fno-common -DPIC
configure:7411: checking if gcc PIC flag -fno-common -DPIC works
configure:7429: gcc -c -m32 -m32 -fno-common -DPIC -DPIC conftest.c >&5
configure:7433: $? = 0
configure:7446: result: yes
configure:7470: checking if gcc static flag -static works
configure:7498: result: no
configure:7513: checking if gcc supports -c -o file.o
configure:7534: gcc -c -m32 -m32 -o out/conftest2.o conftest.c >&5
configure:7538: $? = 0
configure:7560: result: yes
configure:7568: checking if gcc supports -c -o file.o
configure:7615: result: yes
configure:7648: checking whether the gcc linker (/usr/libexec/gcc/i686-apple-darwin10/4.2.1/ld) supports shared libraries
configure:8702: result: yes
configure:8941: checking dynamic linker characteristics
configure:9620: result: darwin10.5.0 dyld
configure:9722: checking how to hardcode library paths into programs
configure:9747: result: immediate
configure:10560: checking whether stripping libraries is possible
configure:10574: result: yes
configure:10600: checking if libtool supports shared libraries
configure:10602: result: yes
configure:10605: checking whether to build shared libraries
configure:10626: result: yes
configure:10629: checking whether to build static libraries
configure:10633: result: yes
configure:10668: checking whether make sets $(MAKE)
configure:10689: result: yes
configure:10746: checking for gcc
configure:10773: result: gcc
configure:11011: checking for C compiler version
configure:11018: gcc --version >&5
i686-apple-darwin10-gcc-4.2.1 (GCC) 4.2.1 (Apple Inc. build 5664)
Copyright (C) 2007 Free Software Foundation, Inc.
This is free software; see the source for copying conditions.  There is NO
warranty; not even for MERCHANTABILITY or FITNESS FOR A PARTICULAR PURPOSE.

configure:11021: $? = 0
configure:11028: gcc -v >&5
Using built-in specs.
Target: i686-apple-darwin10
Configured with: /var/tmp/gcc/gcc-5664~50/src/configure --disable-checking --enable-werror --prefix=/usr --mandir=/share/man --enable-languages=c,objc,c++,obj-c++ --program-transform-name=/^[cg][^.-]*$/s/$/-4.2/ --with-slibdir=/usr/lib --build=i686-apple-darwin10 --program-prefix=i686-apple-darwin10- --host=x86_64-apple-darwin10 --target=i686-apple-darwin10 --with-gxx-include-dir=/include/c++/4.2.1
Thread model: posix
gcc version 4.2.1 (Apple Inc. build 5664)
configure:11031: $? = 0
configure:11038: gcc -V >&5
gcc-4.2: argument to `-V' is missing
configure:11041: $? = 1
configure:11044: checking whether we are using the GNU C compiler
configure:11096: result: yes
configure:11101: checking whether gcc accepts -g
configure:11236: result: yes
configure:11253: checking for gcc option to accept ISO C89
configure:11356: result: none needed
configure:11381: checking for special C compiler options needed for large files
configure:11474: result: no
configure:11480: checking for _FILE_OFFSET_BITS value needed for large files
configure:11515: gcc -c -m32 -m32 conftest.c >&5
configure:11521: $? = 0
configure:11589: result: no
configure:11724: checking for _LARGEFILE_SOURCE value needed for large files
configure:11751: gcc -o conftest -m32 -m32  conftest.c  >&5
configure:11757: $? = 0
configure:11821: result: no
configure:11884: checking zlib.h usability
configure:11901: gcc -c -m32 -m32 conftest.c >&5
configure:11907: $? = 0
configure:11921: result: yes
configure:11925: checking zlib.h presence
configure:11940: gcc -E -m32 conftest.c
configure:11946: $? = 0
configure:11960: result: yes
configure:11993: checking for zlib.h
configure:12000: result: yes
configure:12014: checking for inflateEnd in -lz
configure:12049: gcc -o conftest -m32 -m32  conftest.c -lz   >&5
configure:12055: $? = 0
configure:12073: result: yes
configure:12100: checking bzlib.h usability
configure:12117: gcc -c -m32 -m32 conftest.c >&5
configure:12123: $? = 0
configure:12137: result: yes
configure:12141: checking bzlib.h presence
configure:12156: gcc -E -m32 conftest.c
configure:12162: $? = 0
configure:12176: result: yes
configure:12209: checking for bzlib.h
configure:12216: result: yes
configure:12230: checking for BZ2_bzDecompressInit in -lbz2
configure:12265: gcc -o conftest -m32 -m32  conftest.c -lbz2  -lz  >&5
configure:12271: $? = 0
configure:12289: result: yes
configure:12331: gcc -c -m32 -m32 conftest.c >&5
configure:12337: $? = 0
configure:12385: checking for a Python interpreter with version >= 2.4
configure:12400: python -c import sys, string # split strings by '.' and convert to numeric. Append some zeros # because we need at least 4 digits for the hex conversion. minver = map(int, string.split('2.4', '.')) + [0, 0, 0] minverhex = 0 for i in xrange(0, 4): minverhex = (minverhex << 8) + minver[i] sys.exit(sys.hexversion < minverhex)
configure:12403: $? = 0
configure:12410: result: python
configure:12418: checking for python
configure:12436: found /usr/bin/python
configure:12448: result: /usr/bin/python
configure:12466: checking for python version
configure:12473: result: 2.6
configure:12485: checking for python platform
configure:12492: result: darwin
configure:12499: checking for python script directory
configure:12507: result: ${prefix}/lib/python2.6/site-packages
configure:12516: checking for python extension module directory
configure:12524: result: ${exec_prefix}/lib/python2.6/site-packages
configure:12662: creating ./config.status

## ---------------------- ##
## Running config.status. ##
## ---------------------- ##

This file was extended by libmpq config.status 0.4.2, which was
generated by GNU Autoconf 2.61.  Invocation command line was

  CONFIG_FILES    = 
  CONFIG_HEADERS  = 
  CONFIG_LINKS    = 
  CONFIG_COMMANDS = 
  $ ./config.status 

on Joonas-Trussmanns-MacBook.local

config.status:858: creating libmpq.pc
config.status:858: creating libmpq-config
config.status:858: creating Makefile
config.status:858: creating libmpq/Makefile
config.status:858: creating bindings/Makefile
config.status:858: creating bindings/d/Makefile
config.status:858: creating bindings/python/Makefile
config.status:858: creating doc/Makefile
config.status:858: creating doc/man1/Makefile
config.status:858: creating doc/man3/Makefile
config.status:858: creating tools/Makefile
config.status:858: creating config.h
config.status:1089: config.h is unchanged
config.status:1135: executing libtool commands

## ---------------- ##
## Cache variables. ##
## ---------------- ##

ac_cv_build=i386-apple-darwin10.5.0
ac_cv_c_compiler_gnu=yes
ac_cv_env_CC_set=
ac_cv_env_CC_value=
ac_cv_env_CFLAGS_set=set
ac_cv_env_CFLAGS_value=-m32
ac_cv_env_CPPFLAGS_set=set
ac_cv_env_CPPFLAGS_value=-m32
ac_cv_env_CPP_set=
ac_cv_env_CPP_value=
ac_cv_env_LDFLAGS_set=
ac_cv_env_LDFLAGS_value=
ac_cv_env_LIBS_set=
ac_cv_env_LIBS_value=
ac_cv_env_build_alias_set=
ac_cv_env_build_alias_value=
ac_cv_env_host_alias_set=
ac_cv_env_host_alias_value=
ac_cv_env_target_alias_set=
ac_cv_env_target_alias_value=
ac_cv_header_bzlib_h=yes
ac_cv_header_dlfcn_h=yes
ac_cv_header_inttypes_h=yes
ac_cv_header_memory_h=yes
ac_cv_header_stdc=yes
ac_cv_header_stdint_h=yes
ac_cv_header_stdlib_h=yes
ac_cv_header_string_h=yes
ac_cv_header_strings_h=yes
ac_cv_header_sys_stat_h=yes
ac_cv_header_sys_types_h=yes
ac_cv_header_unistd_h=yes
ac_cv_header_zlib_h=yes
ac_cv_host=i386-apple-darwin10.5.0
ac_cv_lib_bz2_BZ2_bzDecompressInit=yes
ac_cv_lib_z_inflateEnd=yes
ac_cv_objext=o
ac_cv_path_EGREP='/usr/bin/grep -E'
ac_cv_path_FGREP='/usr/bin/grep -F'
ac_cv_path_GREP=/usr/bin/grep
ac_cv_path_PYTHON=/usr/bin/python
ac_cv_path_SED=/usr/bin/sed
ac_cv_path_install='/usr/bin/install -c'
ac_cv_prog_AWK=awk
ac_cv_prog_CPP='gcc -E'
ac_cv_prog_ac_ct_AR=ar
ac_cv_prog_ac_ct_CC=gcc
ac_cv_prog_ac_ct_DSYMUTIL=dsymutil
ac_cv_prog_ac_ct_LIPO=lipo
ac_cv_prog_ac_ct_NMEDIT=nmedit
ac_cv_prog_ac_ct_OTOOL=otool
ac_cv_prog_ac_ct_RANLIB=ranlib
ac_cv_prog_ac_ct_STRIP=strip
ac_cv_prog_cc_c89=
ac_cv_prog_cc_g=yes
ac_cv_prog_make_make_set=yes
ac_cv_sys_file_offset_bits=no
ac_cv_sys_largefile_CC=no
ac_cv_sys_largefile_source=no
ac_cv_target=i386-apple-darwin10.5.0
am_cv_pathless_PYTHON=python
am_cv_python_platform=darwin
am_cv_python_pyexecdir='${exec_prefix}/lib/python2.6/site-packages'
am_cv_python_pythondir='${prefix}/lib/python2.6/site-packages'
am_cv_python_version=2.6
lt_cv_apple_cc_single_mod=yes
lt_cv_deplibs_check_method=pass_all
lt_cv_file_magic_cmd='$MAGIC_CMD'
lt_cv_file_magic_test_file=
lt_cv_ld_exported_symbols_list=yes
lt_cv_ld_reload_flag=-r
lt_cv_nm_interface='BSD nm'
lt_cv_objdir=.libs
lt_cv_path_LD=/usr/libexec/gcc/i686-apple-darwin10/4.2.1/ld
lt_cv_path_NM=/usr/bin/nm
lt_cv_prog_compiler_c_o=yes
lt_cv_prog_compiler_pic_works=yes
lt_cv_prog_compiler_rtti_exceptions=no
lt_cv_prog_compiler_static_works=no
lt_cv_prog_gnu_ld=no
lt_cv_sys_global_symbol_pipe='sed -n -e '\''s/^.*[	 ]\([BCDEGRST][BCDEGRST]*\)[	 ][	 ]*_\([_A-Za-z][_A-Za-z0-9]*\)$/\1 _\2 \2/p'\'''
lt_cv_sys_global_symbol_to_c_name_address='sed -n -e '\''s/^: \([^ ]*\) $/  {\"\1\", (void *) 0},/p'\'' -e '\''s/^[BCDEGRST]* \([^ ]*\) \([^ ]*\)$/  {"\2", (void *) \&\2},/p'\'''
lt_cv_sys_global_symbol_to_c_name_address_lib_prefix='sed -n -e '\''s/^: \([^ ]*\) $/  {\"\1\", (void *) 0},/p'\'' -e '\''s/^[BCDEGRST]* \([^ ]*\) \(lib[^ ]*\)$/  {"\2", (void *) \&\2},/p'\'' -e '\''s/^[BCDEGRST]* \([^ ]*\) \([^ ]*\)$/  {"lib\2", (void *) \&\2},/p'\'''
lt_cv_sys_global_symbol_to_cdecl='sed -n -e '\''s/^T .* \(.*\)$/extern int \1();/p'\'' -e '\''s/^[BCDEGRST]* .* \(.*\)$/extern char \1;/p'\'''
lt_cv_sys_max_cmd_len=196608

## ----------------- ##
## Output variables. ##
## ----------------- ##

ACLOCAL='${SHELL} /Users/j005u/pathing/wowmapper-read-only/libs/libmpq-0.4.2/missing --run aclocal-1.10'
AMTAR='${SHELL} /Users/j005u/pathing/wowmapper-read-only/libs/libmpq-0.4.2/missing --run tar'
AR='ar'
AUTOCONF='${SHELL} /Users/j005u/pathing/wowmapper-read-only/libs/libmpq-0.4.2/missing --run autoconf'
AUTOHEADER='${SHELL} /Users/j005u/pathing/wowmapper-read-only/libs/libmpq-0.4.2/missing --run autoheader'
AUTOMAKE='${SHELL} /Users/j005u/pathing/wowmapper-read-only/libs/libmpq-0.4.2/missing --run automake-1.10'
AWK='awk'
CC='gcc'
CFLAGS='-m32 -fvisibility=hidden'
CPP='gcc -E'
CPPFLAGS='-m32'
CYGPATH_W='echo'
DEFS='-DHAVE_CONFIG_H'
DSYMUTIL='dsymutil'
DUMPBIN=''
ECHO_C='ECHO_N=''
ECHO_T=''
EGREP='/usr/bin/grep -E'
EXEEXT=''
FGREP='/usr/bin/grep -F'
GREP='/usr/bin/grep'
HAVE_PYTHON_FALSE='#'
HAVE_PYTHON_TRUE=''
INSTALL_DATA='${INSTALL} -m 644'
INSTALL_PROGRAM='${INSTALL}'
INSTALL_SCRIPT='${INSTALL}'
INSTALL_STRIP_PROGRAM='$(install_sh) -c -s'
LD='/usr/libexec/gcc/i686-apple-darwin10/4.2.1/ld'
LDFLAGS=''
LFS_CFLAGS='-D_LARGE_FILES=1'
LIBOBJS=''
LIBS='-lbz2 -lz '
LIBTOOL='$(SHELL) $(top_builddir)/libtool'
LIPO='lipo'
LN_S='ln -s'
LTLIBOBJS=''
MAKEINFO='${SHELL} /Users/j005u/pathing/wowmapper-read-only/libs/libmpq-0.4.2/missing --run makeinfo'
NM='/usr/bin/nm'
NMEDIT='nmedit'
OBJEXT='o'
OTOOL64=':'
OTOOL='otool'
PACKAGE='libmpq'
PACKAGE_BUGREPORT='mbroemme@plusserver.de'
PACKAGE_NAME='libmpq'
PACKAGE_STRING='libmpq 0.4.2'
PACKAGE_TARNAME='libmpq'
PACKAGE_VERSION='0.4.2'
PATH_SEPARATOR=':'
PYTHON='/usr/bin/python'
PYTHON_EXEC_PREFIX='${exec_prefix}'
PYTHON_PLATFORM='darwin'
PYTHON_PREFIX='${prefix}'
PYTHON_VERSION='2.6'
RANLIB='ranlib'
SED='/usr/bin/sed'
SET_MAKE=''
SHELL='/bin/sh'
STRIP='strip'
VERSION='0.4.2'
ac_ct_CC='gcc'
ac_ct_DUMPBIN=''
am__isrc=''
am__leading_dot='.'
am__tar='${AMTAR} chof - "$$tardir"'
am__untar='${AMTAR} xf -'
bindir='${exec_prefix}/bin'
build='i386-apple-darwin10.5.0'
build_alias=''
build_cpu='i386'
build_os='darwin10.5.0'
build_vendor='apple'
datadir='${datarootdir}'
datarootdir='${prefix}/share'
docdir='${datarootdir}/doc/${PACKAGE_TARNAME}'
dvidir='${docdir}'
exec_prefix='${prefix}'
host='i386-apple-darwin10.5.0'
host_alias=''
host_cpu='i386'
host_os='darwin10.5.0'
host_vendor='apple'
htmldir='${docdir}'
includedir='${prefix}/include'
infodir='${datarootdir}/info'
install_sh='$(SHELL) /Users/j005u/pathing/wowmapper-read-only/libs/libmpq-0.4.2/install-sh'
libdir='${exec_prefix}/lib'
libexecdir='${exec_prefix}/libexec'
localedir='${datarootdir}/locale'
localstatedir='${prefix}/var'
lt_ECHO='/bin/echo'
mandir='${datarootdir}/man'
mkdir_p='$(top_builddir)/./install-sh -c -d'
oldincludedir='/usr/include'
pdfdir='${docdir}'
pkgpyexecdir='${pyexecdir}/libmpq'
pkgpythondir='${pythondir}/libmpq'
prefix='/usr/local'
program_transform_name='s,x,x,'
psdir='${docdir}'
pyexecdir='${exec_prefix}/lib/python2.6/site-packages'
pythondir='${prefix}/lib/python2.6/site-packages'
sbindir='${exec_prefix}/sbin'
sharedstatedir='${prefix}/com'
sysconfdir='${prefix}/etc'
target='i386-apple-darwin10.5.0'
target_alias=''
target_cpu='i386'
target_os='darwin10.5.0'
target_vendor='apple'

## ----------- ##
## confdefs.h. ##
## ----------- ##

#define PACKAGE_NAME "libmpq"
#define PACKAGE_TARNAME "libmpq"
#define PACKAGE_VERSION "0.4.2"
#define PACKAGE_STRING "libmpq 0.4.2"
#define PACKAGE_BUGREPORT "mbroemme@plusserver.de"
#define PACKAGE "libmpq"
#define VERSION "0.4.2"
#define STDC_HEADERS 1
#define HAVE_SYS_TYPES_H 1
#define HAVE_SYS_STAT_H 1
#define HAVE_STDLIB_H 1
#define HAVE_STRING_H 1
#define HAVE_MEMORY_H 1
#define HAVE_STRINGS_H 1
#define HAVE_INTTYPES_H 1
#define HAVE_STDINT_H 1
#define HAVE_UNISTD_H 1
#define HAVE_DLFCN_H 1
#define LT_OBJDIR ".libs/"
#define HAVE_FSEEKO 1
#define HAVE_LIBZ 1
#define HAVE_LIBBZ2 1

configure: exit 0
